                            LENS Version OSX-1.0a
                 Copyright (C) 1998-2004  Douglas Rohde,
      Carnegie Mellon University, Center for the Neural Basis of Cognition

                MacOSX port by Harm Brouwer' (me@hbrouwer.eu),
    Daniel de Kok' (me@danieldk.eu) and Hartmut Fitz* (hartmut.fitz@gmail.com)
             ' University of Groningen, Center for Language and Cognition
             * Max Planck Institute for Psycholinguistics, Nijmegen

Performing 100000 updates using Doug's Momentum...
__Update____Error___UnitCost__Wgt.Cost__Grad.Lin__TimeUsed__TimeLeft__
  10000)   5.23772   0.00000   6944.87   0.14043        3s       32s
  20000)   4.06876   0.00000   11378.2  -0.09917        7s       28s
  30000)   3.87157   0.00000   16300.7  -0.03256       10s       24s
  40000)   5.23562   0.00000   19199.3  -0.00273       13s       20s
  50000)   4.55177   0.00000   21695.9  -0.00594       17s       18s
  60000)   7.52963   0.00000   24363.0   0.26315       21s       14s
  70000)   2.59522   0.00000   26562.6  -0.17282       24s       10s
  80000)   1.48057   0.00000   28819.7  -0.21882       28s        7s
  90000)   2.75023   0.00000   31627.5  -0.42884       32s        3s
 100000)   4.46048   0.00000   33404.9   0.12144       35s        0s
success